#! /usr/local/bin/vvp
:ivl_version "13.0 (devel)" "(s20221226-321-gd22bb3d25-dirty)";
:ivl_delay_selection "TYPICAL";
:vpi_time_precision - 9;
:vpi_module "/usr/local/lib/ivl/system.vpi";
:vpi_module "/usr/local/lib/ivl/vhdl_sys.vpi";
:vpi_module "/usr/local/lib/ivl/vhdl_textio.vpi";
:vpi_module "/usr/local/lib/ivl/v2005_math.vpi";
:vpi_module "/usr/local/lib/ivl/va_math.vpi";
S_0x55c76998b6a0 .scope module, "test_dff" "test_dff" 2 2;
 .timescale -9 -9;
v0x55c76999ce30_0 .var "clk", 0 0;
v0x55c76999cef0_0 .var "d", 0 0;
v0x55c76999cfc0_0 .net "q", 0 0, v0x55c76999cc20_0;  1 drivers
v0x55c76999d0c0_0 .var "rst", 0 0;
S_0x55c76998b830 .scope module, "dut" "dff" 2 7, 3 1 0, S_0x55c76998b6a0;
 .timescale 0 0;
    .port_info 0 /INPUT 1 "clk";
    .port_info 1 /INPUT 1 "rst";
    .port_info 2 /INPUT 1 "d";
    .port_info 3 /OUTPUT 1 "q";
v0x55c769978a40_0 .net "clk", 0 0, v0x55c76999ce30_0;  1 drivers
v0x55c769978d70_0 .net "d", 0 0, v0x55c76999cef0_0;  1 drivers
v0x55c76999cc20_0 .var "q", 0 0;
v0x55c76999ccc0_0 .net "rst", 0 0, v0x55c76999d0c0_0;  1 drivers
E_0x55c7699537f0 .event posedge, v0x55c769978a40_0;
    .scope S_0x55c76998b830;
T_0 ;
    %wait E_0x55c7699537f0;
    %load/vec4 v0x55c76999ccc0_0;
    %flag_set/vec4 8;
    %jmp/0xz  T_0.0, 8;
    %pushi/vec4 0, 0, 1;
    %assign/vec4 v0x55c76999cc20_0, 0;
    %jmp T_0.1;
T_0.0 ;
    %load/vec4 v0x55c769978d70_0;
    %assign/vec4 v0x55c76999cc20_0, 0;
T_0.1 ;
    %jmp T_0;
    .thread T_0;
    .scope S_0x55c76998b6a0;
T_1 ;
    %vpi_call 2 10 "$dumpvars", 32'sb00000000000000000000000000000001 {0 0 0};
    %vpi_call 2 11 "$dumpfile", "wave.vcd" {0 0 0};
    %end;
    .thread T_1;
    .scope S_0x55c76998b6a0;
T_2 ;
    %pushi/vec4 0, 0, 1;
    %store/vec4 v0x55c76999ce30_0, 0, 1;
    %end;
    .thread T_2;
    .scope S_0x55c76998b6a0;
T_3 ;
    %delay 5, 0;
    %load/vec4 v0x55c76999ce30_0;
    %inv;
    %store/vec4 v0x55c76999ce30_0, 0, 1;
    %jmp T_3;
    .thread T_3;
    .scope S_0x55c76998b6a0;
T_4 ;
    %pushi/vec4 1, 0, 1;
    %store/vec4 v0x55c76999d0c0_0, 0, 1;
    %wait E_0x55c7699537f0;
    %delay 1, 0;
    %pushi/vec4 0, 0, 1;
    %store/vec4 v0x55c76999d0c0_0, 0, 1;
    %wait E_0x55c7699537f0;
    %delay 150, 0;
    %vpi_call 2 30 "$stop" {0 0 0};
    %end;
    .thread T_4;
# The file index is used to find the file name in the following table.
:file_names 4;
    "N/A";
    "<interactive>";
    "dff/test_dff.v";
    "dff/dff.v";
