Thu Oct 12 09:49:14 UTC 2023 - Executing "{openroad -exit -no_init -python /openlane/scripts/odbpy/lefutil.py get_metal_layers -o /openlane/designs/fa/runs/run1/tmp/layers.list /root/.volare/sky130A/libs.ref/sky130_fd_sc_hd/techlef/sky130_fd_sc_hd__nom.tlef}"

Thu Oct 12 09:49:15 UTC 2023 - Executing "{/openlane/scripts/mergeLef.py -o /openlane/designs/fa/runs/run1/tmp/merged.nom.lef -i /root/.volare/sky130A/libs.ref/sky130_fd_sc_hd/techlef/sky130_fd_sc_hd__nom.tlef {/root/.volare/sky130A/libs.ref/sky130_fd_sc_hd/lef/sky130_ef_sc_hd.lef /root/.volare/sky130A/libs.ref/sky130_fd_sc_hd/lef/sky130_fd_sc_hd.lef} |& tee /dev/null}"

Thu Oct 12 09:49:15 UTC 2023 - Executing "{/openlane/scripts/mergeLef.py -o /openlane/designs/fa/runs/run1/tmp/merged.min.lef -i /root/.volare/sky130A/libs.ref/sky130_fd_sc_hd/techlef/sky130_fd_sc_hd__min.tlef {/root/.volare/sky130A/libs.ref/sky130_fd_sc_hd/lef/sky130_ef_sc_hd.lef /root/.volare/sky130A/libs.ref/sky130_fd_sc_hd/lef/sky130_fd_sc_hd.lef} |& tee /dev/null}"

Thu Oct 12 09:49:15 UTC 2023 - Executing "{/openlane/scripts/mergeLef.py -o /openlane/designs/fa/runs/run1/tmp/merged.max.lef -i /root/.volare/sky130A/libs.ref/sky130_fd_sc_hd/techlef/sky130_fd_sc_hd__max.tlef {/root/.volare/sky130A/libs.ref/sky130_fd_sc_hd/lef/sky130_ef_sc_hd.lef /root/.volare/sky130A/libs.ref/sky130_fd_sc_hd/lef/sky130_fd_sc_hd.lef} |& tee /dev/null}"

Thu Oct 12 09:49:15 UTC 2023 - Executing "{python3 /openlane/scripts/mergeLib.py --output /openlane/designs/fa/runs/run1/tmp/synthesis/merged.lib --name sky130A_merged /root/.volare/sky130A/libs.ref/sky130_fd_sc_hd/lib/sky130_fd_sc_hd__tt_025C_1v80.lib}"

Thu Oct 12 09:49:15 UTC 2023 - Executing "{python3 /openlane/scripts/libtrim.py --cell-file /openlane/designs/fa/runs/run1/tmp/synthesis/trimmed.lib.exclude.list --output /openlane/designs/fa/runs/run1/tmp/synthesis/trimmed.lib /openlane/designs/fa/runs/run1/tmp/synthesis/merged.lib}"

Thu Oct 12 09:49:15 UTC 2023 - Executing "{python3 /openlane/scripts/libtrim.py --cell-file /openlane/designs/fa/runs/run1/tmp/cts/cts.lib.exclude.list --output /openlane/designs/fa/runs/run1/tmp/cts/cts.lib /root/.volare/sky130A/libs.ref/sky130_fd_sc_hd/lib/sky130_fd_sc_hd__tt_025C_1v80.lib}"

Thu Oct 12 09:49:16 UTC 2023 - Executing "{python3 /openlane/scripts/libtrim.py --cell-file /openlane/designs/fa/runs/run1/tmp/cts/cts-fastest.lib.exclude.list --output /openlane/designs/fa/runs/run1/tmp/cts/cts-fastest.lib /root/.volare/sky130A/libs.ref/sky130_fd_sc_hd/lib/sky130_fd_sc_hd__ff_n40C_1v95.lib}"

Thu Oct 12 09:49:17 UTC 2023 - Executing "{python3 /openlane/scripts/libtrim.py --cell-file /openlane/designs/fa/runs/run1/tmp/cts/cts-slowest.lib.exclude.list --output /openlane/designs/fa/runs/run1/tmp/cts/cts-slowest.lib /root/.volare/sky130A/libs.ref/sky130_fd_sc_hd/lib/sky130_fd_sc_hd__ss_100C_1v60.lib}"

Thu Oct 12 09:49:17 UTC 2023 - Executing "{python3 /openlane/scripts/new_tracks.py -i /root/.volare/sky130A/libs.tech/openlane/sky130_fd_sc_hd/tracks.info -o /openlane/designs/fa/runs/run1/tmp/routing/config.tracks}"

Thu Oct 12 09:49:17 UTC 2023 - Executing "{echo {OpenLane 903a86ab59095207f3a096aeff8c8b8af899497c} > /openlane/designs/fa/runs/run1/OPENLANE_VERSION}"

Thu Oct 12 09:49:17 UTC 2023 - Executing "{sed -E {s/^([[:space:]]+)pg_pin(.*)/\1pin\2\n\1    direction : "inout";/g} /root/.volare/sky130A/libs.ref/sky130_fd_sc_hd/lib/sky130_fd_sc_hd__tt_025C_1v80.lib > /openlane/designs/fa/runs/run1/tmp/synthesis/1-sky130_fd_sc_hd__tt_025C_1v80.no_pg.lib}"

Thu Oct 12 09:49:17 UTC 2023 - Executing "{sed -E {s/^([[:space:]]+)pg_pin(.*)/\1pin\2\n\1    direction : "inout";/g} /openlane/designs/fa/runs/run1/tmp/synthesis/trimmed.lib > /openlane/designs/fa/runs/run1/tmp/synthesis/1-trimmed.no_pg.lib}"

Thu Oct 12 09:49:17 UTC 2023 - Executing "yosys -c /openlane/scripts/yosys/synth.tcl |& tee /dev/null /openlane/designs/fa/runs/run1/logs/synthesis/1-synthesis.log"

Thu Oct 12 09:49:17 UTC 2023 - Executing "{yosys -c /openlane/scripts/yosys/synth.tcl |& tee /dev/null /openlane/designs/fa/runs/run1/logs/synthesis/1-synthesis.log}"

Thu Oct 12 09:49:18 UTC 2023 - Executing "{sed -i.bak -e {s/\(set ::env(CURRENT_NETLIST)\).*/\1 \/openlane\/designs\/fa\/runs\/run1\/results\/synthesis\/fa.v/} /openlane/designs/fa/runs/run1/config.tcl}"

Thu Oct 12 09:49:18 UTC 2023 - Executing "{sed -i.bak /defparam/d /openlane/designs/fa/runs/run1/results/synthesis/fa.v}"

Thu Oct 12 09:49:18 UTC 2023 - Executing "sta -exit -no_init /openlane/scripts/openroad/sta/multi_corner.tcl |& tee /dev/null /openlane/designs/fa/runs/run1/logs/synthesis/2-sta.log"

Thu Oct 12 09:49:18 UTC 2023 - Executing "{sta -exit -no_init /openlane/scripts/openroad/sta/multi_corner.tcl |& tee /dev/null /openlane/designs/fa/runs/run1/logs/synthesis/2-sta.log}"

Thu Oct 12 09:49:19 UTC 2023 - Executing "openroad -exit /openlane/scripts/openroad/floorplan.tcl |& tee /dev/null /openlane/designs/fa/runs/run1/logs/floorplan/3-initial_fp.log"

Thu Oct 12 09:49:19 UTC 2023 - Executing "{openroad -exit /openlane/scripts/openroad/floorplan.tcl |& tee /dev/null /openlane/designs/fa/runs/run1/logs/floorplan/3-initial_fp.log}"

Thu Oct 12 09:49:19 UTC 2023 - Executing "{openroad -exit -no_init -python /openlane/scripts/odbpy/snap_to_grid.py --output /openlane/designs/fa/runs/run1/tmp/floorplan/3-minimized_pdn.txt --input-lef /openlane/designs/fa/runs/run1/tmp/merged.nom.lef 40.480000000000004 20.060000000000002 80.96000000000001 40.120000000000005}"

Thu Oct 12 09:49:20 UTC 2023 - Executing "{openroad -exit -no_init -python /openlane/scripts/odbpy/defutil.py extract_core_dims --output-data /openlane/designs/fa/runs/run1/tmp/dimensions.txt --input-lef /openlane/designs/fa/runs/run1/tmp/merged.nom.lef /openlane/designs/fa/runs/run1/tmp/floorplan/3-initial_fp.def}"

Thu Oct 12 09:49:20 UTC 2023 - Executing "openroad -exit /openlane/scripts/openroad/ioplacer.tcl |& tee /dev/null /openlane/designs/fa/runs/run1/logs/floorplan/4-io.log"

Thu Oct 12 09:49:20 UTC 2023 - Executing "{openroad -exit /openlane/scripts/openroad/ioplacer.tcl |& tee /dev/null /openlane/designs/fa/runs/run1/logs/floorplan/4-io.log}"

Thu Oct 12 09:49:20 UTC 2023 - Executing "openroad -exit /openlane/scripts/openroad/tapcell.tcl |& tee /dev/null /openlane/designs/fa/runs/run1/logs/floorplan/5-tap.log"

Thu Oct 12 09:49:20 UTC 2023 - Executing "{openroad -exit /openlane/scripts/openroad/tapcell.tcl |& tee /dev/null /openlane/designs/fa/runs/run1/logs/floorplan/5-tap.log}"

Thu Oct 12 09:49:21 UTC 2023 - Executing "openroad -exit /openlane/scripts/openroad/pdn.tcl |& tee /dev/null /openlane/designs/fa/runs/run1/logs/floorplan/6-pdn.log"

Thu Oct 12 09:49:21 UTC 2023 - Executing "{openroad -exit /openlane/scripts/openroad/pdn.tcl |& tee /dev/null /openlane/designs/fa/runs/run1/logs/floorplan/6-pdn.log}"

Thu Oct 12 09:49:43 UTC 2023 - Executing "openroad -exit /openlane/scripts/openroad/gpl.tcl |& tee /dev/null /openlane/designs/fa/runs/run1/logs/placement/7-global_skip_io.log"

Thu Oct 12 09:49:43 UTC 2023 - Executing "{openroad -exit /openlane/scripts/openroad/gpl.tcl |& tee /dev/null /openlane/designs/fa/runs/run1/logs/placement/7-global_skip_io.log}"

Thu Oct 12 09:49:43 UTC 2023 - Executing "{sed -i.bak -e {s/\(set ::env(CURRENT_NETLIST)\).*/\1 \/openlane\/designs\/fa\/runs\/run1\/tmp\/placement\/7-global_skip_io.nl.v/} /openlane/designs/fa/runs/run1/config.tcl}"

Thu Oct 12 09:49:43 UTC 2023 - Executing "openroad -exit /openlane/scripts/openroad/sta/multi_corner.tcl |& tee /dev/null /openlane/designs/fa/runs/run1/logs/placement/8-gpl_sta.log"

Thu Oct 12 09:49:43 UTC 2023 - Executing "{openroad -exit /openlane/scripts/openroad/sta/multi_corner.tcl |& tee /dev/null /openlane/designs/fa/runs/run1/logs/placement/8-gpl_sta.log}"

Thu Oct 12 09:49:44 UTC 2023 - Executing "openroad -exit /openlane/scripts/openroad/ioplacer.tcl |& tee /dev/null /openlane/designs/fa/runs/run1/logs/placement/9-io.log"

Thu Oct 12 09:49:44 UTC 2023 - Executing "{openroad -exit /openlane/scripts/openroad/ioplacer.tcl |& tee /dev/null /openlane/designs/fa/runs/run1/logs/placement/9-io.log}"

Thu Oct 12 09:49:44 UTC 2023 - Executing "openroad -exit /openlane/scripts/openroad/gpl.tcl |& tee /dev/null /openlane/designs/fa/runs/run1/logs/placement/10-global.log"

Thu Oct 12 09:49:44 UTC 2023 - Executing "{openroad -exit /openlane/scripts/openroad/gpl.tcl |& tee /dev/null /openlane/designs/fa/runs/run1/logs/placement/10-global.log}"

Thu Oct 12 09:49:45 UTC 2023 - Executing "{sed -i.bak -e {s/\(set ::env(CURRENT_NETLIST)\).*/\1 \/openlane\/designs\/fa\/runs\/run1\/tmp\/placement\/10-global.nl.v/} /openlane/designs/fa/runs/run1/config.tcl}"

Thu Oct 12 09:49:45 UTC 2023 - Executing "openroad -exit /openlane/scripts/openroad/sta/multi_corner.tcl |& tee /dev/null /openlane/designs/fa/runs/run1/logs/placement/11-gpl_sta.log"

Thu Oct 12 09:49:45 UTC 2023 - Executing "{openroad -exit /openlane/scripts/openroad/sta/multi_corner.tcl |& tee /dev/null /openlane/designs/fa/runs/run1/logs/placement/11-gpl_sta.log}"

Thu Oct 12 09:49:45 UTC 2023 - Executing "openroad -exit /openlane/scripts/openroad/resizer.tcl |& tee /dev/null /openlane/designs/fa/runs/run1/logs/placement/12-resizer.log"

Thu Oct 12 09:49:45 UTC 2023 - Executing "{openroad -exit /openlane/scripts/openroad/resizer.tcl |& tee /dev/null /openlane/designs/fa/runs/run1/logs/placement/12-resizer.log}"

Thu Oct 12 09:49:48 UTC 2023 - Executing "{sed -i.bak -e {s/\(set ::env(CURRENT_NETLIST)\).*/\1 \/openlane\/designs\/fa\/runs\/run1\/tmp\/placement\/12-resizer.nl.v/} /openlane/designs/fa/runs/run1/config.tcl}"

Thu Oct 12 09:49:48 UTC 2023 - Executing "openroad -exit /openlane/scripts/openroad/dpl.tcl |& tee /dev/null /openlane/designs/fa/runs/run1/logs/placement/13-detailed.log"

Thu Oct 12 09:49:48 UTC 2023 - Executing "{openroad -exit /openlane/scripts/openroad/dpl.tcl |& tee /dev/null /openlane/designs/fa/runs/run1/logs/placement/13-detailed.log}"

Thu Oct 12 09:49:48 UTC 2023 - Executing "{sed -i.bak -e {s/\(set ::env(CURRENT_NETLIST)\).*/\1 \/openlane\/designs\/fa\/runs\/run1\/results\/placement\/fa.nl.v/} /openlane/designs/fa/runs/run1/config.tcl}"

Thu Oct 12 09:49:48 UTC 2023 - Executing "openroad -exit /openlane/scripts/openroad/sta/multi_corner.tcl |& tee /dev/null /openlane/designs/fa/runs/run1/logs/placement/14-dpl_sta.log"

Thu Oct 12 09:49:48 UTC 2023 - Executing "{openroad -exit /openlane/scripts/openroad/sta/multi_corner.tcl |& tee /dev/null /openlane/designs/fa/runs/run1/logs/placement/14-dpl_sta.log}"

Thu Oct 12 09:50:00 UTC 2023 - Executing "openroad -exit /openlane/scripts/openroad/resizer_routing_design.tcl |& tee /dev/null /openlane/designs/fa/runs/run1/logs/routing/15-resizer_design.log"

Thu Oct 12 09:50:00 UTC 2023 - Executing "{openroad -exit /openlane/scripts/openroad/resizer_routing_design.tcl |& tee /dev/null /openlane/designs/fa/runs/run1/logs/routing/15-resizer_design.log}"

Thu Oct 12 09:50:02 UTC 2023 - Executing "{sed -i.bak -e {s/\(set ::env(CURRENT_NETLIST)\).*/\1 \/openlane\/designs\/fa\/runs\/run1\/tmp\/15-fa.nl.v/} /openlane/designs/fa/runs/run1/config.tcl}"

Thu Oct 12 09:50:02 UTC 2023 - Executing "openroad -exit /openlane/scripts/openroad/sta/multi_corner.tcl |& tee /dev/null /openlane/designs/fa/runs/run1/logs/routing/16-rsz_design_sta.log"

Thu Oct 12 09:50:02 UTC 2023 - Executing "{openroad -exit /openlane/scripts/openroad/sta/multi_corner.tcl |& tee /dev/null /openlane/designs/fa/runs/run1/logs/routing/16-rsz_design_sta.log}"

Thu Oct 12 09:50:02 UTC 2023 - Executing "openroad -exit /openlane/scripts/openroad/resizer_routing_timing.tcl |& tee /dev/null /openlane/designs/fa/runs/run1/logs/routing/17-resizer_timing.log"

Thu Oct 12 09:50:02 UTC 2023 - Executing "{openroad -exit /openlane/scripts/openroad/resizer_routing_timing.tcl |& tee /dev/null /openlane/designs/fa/runs/run1/logs/routing/17-resizer_timing.log}"

Thu Oct 12 09:50:04 UTC 2023 - Executing "{sed -i.bak -e {s/\(set ::env(CURRENT_NETLIST)\).*/\1 \/openlane\/designs\/fa\/runs\/run1\/tmp\/17-fa.nl.v/} /openlane/designs/fa/runs/run1/config.tcl}"

Thu Oct 12 09:50:04 UTC 2023 - Executing "openroad -exit /openlane/scripts/openroad/sta/multi_corner.tcl |& tee /dev/null /openlane/designs/fa/runs/run1/logs/routing/18-rsz_timing_sta.log"

Thu Oct 12 09:50:04 UTC 2023 - Executing "{openroad -exit /openlane/scripts/openroad/sta/multi_corner.tcl |& tee /dev/null /openlane/designs/fa/runs/run1/logs/routing/18-rsz_timing_sta.log}"

Thu Oct 12 09:50:05 UTC 2023 - Executing "openroad -exit /openlane/scripts/openroad/repair_antennas.tcl |& tee /dev/null /openlane/designs/fa/runs/run1/logs/routing/19-global.log"

Thu Oct 12 09:50:05 UTC 2023 - Executing "{openroad -exit /openlane/scripts/openroad/repair_antennas.tcl |& tee /dev/null /openlane/designs/fa/runs/run1/logs/routing/19-global.log}"

Thu Oct 12 09:50:05 UTC 2023 - Executing "openroad -exit /openlane/scripts/openroad/write_views.tcl |& tee /dev/null /openlane/designs/fa/runs/run1/logs/routing/19-global_write_netlist.log"

Thu Oct 12 09:50:05 UTC 2023 - Executing "{openroad -exit /openlane/scripts/openroad/write_views.tcl |& tee /dev/null /openlane/designs/fa/runs/run1/logs/routing/19-global_write_netlist.log}"

Thu Oct 12 09:50:06 UTC 2023 - Executing "{sed -i.bak -e {s/\(set ::env(CURRENT_NETLIST)\).*/\1 \/openlane\/designs\/fa\/runs\/run1\/tmp\/routing\/global.nl.v/} /openlane/designs/fa/runs/run1/config.tcl}"

Thu Oct 12 09:50:06 UTC 2023 - Executing "openroad -exit /openlane/scripts/openroad/sta/multi_corner.tcl |& tee /dev/null /openlane/designs/fa/runs/run1/logs/routing/21-grt_sta.log"

Thu Oct 12 09:50:06 UTC 2023 - Executing "{openroad -exit /openlane/scripts/openroad/sta/multi_corner.tcl |& tee /dev/null /openlane/designs/fa/runs/run1/logs/routing/21-grt_sta.log}"

Thu Oct 12 09:50:07 UTC 2023 - Executing "openroad -exit /openlane/scripts/openroad/fill.tcl |& tee /dev/null /openlane/designs/fa/runs/run1/logs/routing/22-fill.log"

Thu Oct 12 09:50:07 UTC 2023 - Executing "{openroad -exit /openlane/scripts/openroad/fill.tcl |& tee /dev/null /openlane/designs/fa/runs/run1/logs/routing/22-fill.log}"

Thu Oct 12 09:50:07 UTC 2023 - Executing "{sed -i.bak -e {s/\(set ::env(CURRENT_NETLIST)\).*/\1 \/openlane\/designs\/fa\/runs\/run1\/tmp\/routing\/22-fill.nl.v/} /openlane/designs/fa/runs/run1/config.tcl}"

Thu Oct 12 09:50:07 UTC 2023 - Executing "openroad -exit /openlane/scripts/openroad/droute.tcl |& tee /dev/null /openlane/designs/fa/runs/run1/logs/routing/23-detailed.log"

Thu Oct 12 09:50:07 UTC 2023 - Executing "{openroad -exit /openlane/scripts/openroad/droute.tcl |& tee /dev/null /openlane/designs/fa/runs/run1/logs/routing/23-detailed.log}"

Thu Oct 12 09:50:09 UTC 2023 - Executing "{sed -i.bak -e {s/\(set ::env(CURRENT_NETLIST)\).*/\1 \/openlane\/designs\/fa\/runs\/run1\/results\/routing\/fa.nl.v/} /openlane/designs/fa/runs/run1/config.tcl}"

Thu Oct 12 09:50:09 UTC 2023 - Executing "{python3 /openlane/scripts/drc_rosetta.py tr to_klayout -o /openlane/designs/fa/runs/run1/reports/routing/drt.klayout.xml --design-name fa /openlane/designs/fa/runs/run1/reports/routing/drt.drc}"

Thu Oct 12 09:50:09 UTC 2023 - Executing "{openroad -exit -no_init -python /openlane/scripts/odbpy/wire_lengths.py --report-out /openlane/designs/fa/runs/run1/reports/routing/24-wire_lengths.csv --input-lef /openlane/designs/fa/runs/run1/tmp/merged.nom.lef --output-def /dev/null --output /openlane/designs/fa/runs/run1/results/routing/fa.odb /openlane/designs/fa/runs/run1/results/routing/fa.odb |& tee /dev/null /openlane/designs/fa/runs/run1/logs/routing/24-wire_lengths.log}"

Thu Oct 12 09:50:47 UTC 2023 - Executing "magic -noconsole -dnull -rcfile /root/.volare/sky130A/libs.tech/magic/sky130A.magicrc < /openlane/scripts/magic/wrapper.tcl |& tee /dev/null /openlane/designs/fa/runs/run1/logs/signoff/25-gdsii.log"

Thu Oct 12 09:50:47 UTC 2023 - Executing "{magic -noconsole -dnull -rcfile /root/.volare/sky130A/libs.tech/magic/sky130A.magicrc < /openlane/scripts/magic/wrapper.tcl |& tee /dev/null /openlane/designs/fa/runs/run1/logs/signoff/25-gdsii.log}"

Thu Oct 12 09:50:48 UTC 2023 - Executing "magic -noconsole -dnull -rcfile /root/.volare/sky130A/libs.tech/magic/sky130A.magicrc < /openlane/scripts/magic/wrapper.tcl |& tee /dev/null /openlane/designs/fa/runs/run1/logs/signoff/25-gds_ptrs.log"

Thu Oct 12 09:50:48 UTC 2023 - Executing "{magic -noconsole -dnull -rcfile /root/.volare/sky130A/libs.tech/magic/sky130A.magicrc < /openlane/scripts/magic/wrapper.tcl |& tee /dev/null /openlane/designs/fa/runs/run1/logs/signoff/25-gds_ptrs.log}"

Thu Oct 12 09:50:49 UTC 2023 - Executing "{sed -i.bak -n {/^<< properties >>/,/^<< end >>/p} /openlane/designs/fa/runs/run1/tmp/signoff/gds_ptrs.mag}"

Thu Oct 12 09:50:49 UTC 2023 - Executing "magic -noconsole -dnull -rcfile /root/.volare/sky130A/libs.tech/magic/sky130A.magicrc < /openlane/scripts/magic/wrapper.tcl |& tee /dev/null /openlane/designs/fa/runs/run1/logs/signoff/25-lef.log"

Thu Oct 12 09:50:49 UTC 2023 - Executing "{magic -noconsole -dnull -rcfile /root/.volare/sky130A/libs.tech/magic/sky130A.magicrc < /openlane/scripts/magic/wrapper.tcl |& tee /dev/null /openlane/designs/fa/runs/run1/logs/signoff/25-lef.log}"

Thu Oct 12 09:50:50 UTC 2023 - Executing "magic -noconsole -dnull -rcfile /root/.volare/sky130A/libs.tech/magic/sky130A.magicrc < /openlane/scripts/magic/wrapper.tcl |& tee /dev/null /openlane/designs/fa/runs/run1/logs/signoff/25-maglef.log"

Thu Oct 12 09:50:50 UTC 2023 - Executing "{magic -noconsole -dnull -rcfile /root/.volare/sky130A/libs.tech/magic/sky130A.magicrc < /openlane/scripts/magic/wrapper.tcl |& tee /dev/null /openlane/designs/fa/runs/run1/logs/signoff/25-maglef.log}"

