[INFO]: Saving runtime environment...
[INFO]: Preparing LEF files for the nom corner...
[INFO]: Preparing LEF files for the min corner...
[INFO]: Preparing LEF files for the max corner...
[WARNING]: PNR_SDC_FILE is not set. It is recommended to write a custom SDC file for the design. Defaulting to BASE_SDC_FILE
[WARNING]: SIGNOFF_SDC_FILE is not set. It is recommended to write a custom SDC file for the design. Defaulting to BASE_SDC_FILE
[INFO]: Running Synthesis (log: designs/fa/runs/run1/logs/synthesis/1-synthesis.log)...
[INFO]: Running Single-Corner Static Timing Analysis (log: designs/fa/runs/run1/logs/synthesis/2-sta.log)...
[INFO]: Running Initial Floorplanning (log: designs/fa/runs/run1/logs/floorplan/3-initial_fp.log)...
[WARNING]: Current core area is too small for the power grid settings chosen. The power grid will be scaled down.
[INFO]: Floorplanned with width 323.84 and height 160.48.
[INFO]: Running IO Placement (log: designs/fa/runs/run1/logs/floorplan/4-io.log)...
[INFO]: Running Tap/Decap Insertion (log: designs/fa/runs/run1/logs/floorplan/5-tap.log)...
[INFO]: Power planning with power {vccd1 vccd2 vdda1 vdda2} and ground {vssd1 vssd2 vssa1 vssa2}...
[INFO]: Generating PDN (log: designs/fa/runs/run1/logs/floorplan/6-pdn.log)...
[INFO]: Running Global Placement (log: designs/fa/runs/run1/logs/placement/7-global_skip_io.log)...
[INFO]: Running Single-Corner Static Timing Analysis (log: designs/fa/runs/run1/logs/placement/8-gpl_sta.log)...
[INFO]: Running IO Placement (log: designs/fa/runs/run1/logs/placement/9-io.log)...
[INFO]: Running Global Placement (log: designs/fa/runs/run1/logs/placement/10-global.log)...
[INFO]: Running Single-Corner Static Timing Analysis (log: designs/fa/runs/run1/logs/placement/11-gpl_sta.log)...
[INFO]: Running Placement Resizer Design Optimizations (log: designs/fa/runs/run1/logs/placement/12-resizer.log)...
[INFO]: Running Detailed Placement (log: designs/fa/runs/run1/logs/placement/13-detailed.log)...
[INFO]: Running Single-Corner Static Timing Analysis (log: designs/fa/runs/run1/logs/placement/14-dpl_sta.log)...
[INFO]: Running Global Routing Resizer Design Optimizations (log: designs/fa/runs/run1/logs/routing/15-resizer_design.log)...
[INFO]: Running Single-Corner Static Timing Analysis (log: designs/fa/runs/run1/logs/routing/16-rsz_design_sta.log)...
[INFO]: Running Global Routing Resizer Timing Optimizations (log: designs/fa/runs/run1/logs/routing/17-resizer_timing.log)...
[INFO]: Running Single-Corner Static Timing Analysis (log: designs/fa/runs/run1/logs/routing/18-rsz_timing_sta.log)...
[INFO]: Running Global Routing (log: designs/fa/runs/run1/logs/routing/19-global.log)...
[INFO]: Starting OpenROAD Antenna Repair Iterations...
[INFO]: Writing Verilog (log: designs/fa/runs/run1/logs/routing/19-global_write_netlist.log)...
[INFO]: Running Single-Corner Static Timing Analysis (log: designs/fa/runs/run1/logs/routing/21-grt_sta.log)...
[INFO]: Running Fill Insertion (log: designs/fa/runs/run1/logs/routing/22-fill.log)...
[INFO]: Running Detailed Routing (log: designs/fa/runs/run1/logs/routing/23-detailed.log)...
[INFO]: No DRC violations after detailed routing.
[INFO]: Checking Wire Lengths (log: designs/fa/runs/run1/logs/routing/24-wire_lengths.log)...
[INFO]: Running Magic to generate various views...
[INFO]: Streaming out GDSII with Magic (log: designs/fa/runs/run1/logs/signoff/25-gdsii.log)...
[INFO]: Generating MAGLEF views...
[INFO]: Generating lef with Magic (/openlane/designs/fa/runs/run1/logs/signoff/25-lef.log)...
