
7. Printing statistics.

=== alu ===

   Number of wires:                 83
   Number of wire bits:             94
   Number of public wires:           4
   Number of public wire bits:      15
   Number of memories:               0
   Number of memory bits:            0
   Number of processes:              0
   Number of cells:                 83
     sky130_fd_sc_hd__a21boi_0       1
     sky130_fd_sc_hd__a21o_1         1
     sky130_fd_sc_hd__a21oi_1        5
     sky130_fd_sc_hd__a22o_1         1
     sky130_fd_sc_hd__a22oi_1        1
     sky130_fd_sc_hd__and3_1         1
     sky130_fd_sc_hd__lpflow_isobufsrc_1      3
     sky130_fd_sc_hd__maj3_1         2
     sky130_fd_sc_hd__nand2_1       13
     sky130_fd_sc_hd__nand2b_1       2
     sky130_fd_sc_hd__nand3_1        3
     sky130_fd_sc_hd__nand3b_1       3
     sky130_fd_sc_hd__nand4_1        2
     sky130_fd_sc_hd__nor2_1        10
     sky130_fd_sc_hd__nor2b_1        1
     sky130_fd_sc_hd__nor3_1         6
     sky130_fd_sc_hd__nor3b_1        3
     sky130_fd_sc_hd__o211ai_1       1
     sky130_fd_sc_hd__o21a_1         1
     sky130_fd_sc_hd__o21ai_0        6
     sky130_fd_sc_hd__o221ai_1       1
     sky130_fd_sc_hd__o22ai_1        2
     sky130_fd_sc_hd__o311ai_0       1
     sky130_fd_sc_hd__or4_1          1
     sky130_fd_sc_hd__xnor2_1       10
     sky130_fd_sc_hd__xor2_1         2

   Chip area for module '\alu': 496.726400

