
11. Printing statistics.

=== mux_mul ===

   Number of wires:                285
   Number of wire bits:            343
   Number of public wires:           7
   Number of public wire bits:      50
   Number of memories:               0
   Number of memory bits:            0
   Number of processes:              0
   Number of cells:                309
     sky130_fd_sc_hd__a21boi_0       1
     sky130_fd_sc_hd__a21o_1         3
     sky130_fd_sc_hd__a21oi_1       20
     sky130_fd_sc_hd__and2_0         6
     sky130_fd_sc_hd__and3_1         2
     sky130_fd_sc_hd__clkinv_1       6
     sky130_fd_sc_hd__dfxtp_1       16
     sky130_fd_sc_hd__lpflow_inputiso1p_1      1
     sky130_fd_sc_hd__lpflow_isobufsrc_1     10
     sky130_fd_sc_hd__maj3_1        11
     sky130_fd_sc_hd__mux2i_1       16
     sky130_fd_sc_hd__nand2_1       16
     sky130_fd_sc_hd__nand2b_1      12
     sky130_fd_sc_hd__nand3_1        5
     sky130_fd_sc_hd__nor2_1        53
     sky130_fd_sc_hd__nor2b_1        3
     sky130_fd_sc_hd__nor3_1        11
     sky130_fd_sc_hd__nor4_1        12
     sky130_fd_sc_hd__o21ai_0       10
     sky130_fd_sc_hd__o21bai_1       1
     sky130_fd_sc_hd__o22a_1         3
     sky130_fd_sc_hd__o22ai_1        9
     sky130_fd_sc_hd__o31ai_1        5
     sky130_fd_sc_hd__or3_1          2
     sky130_fd_sc_hd__or4_1          1
     sky130_fd_sc_hd__xnor2_1       48
     sky130_fd_sc_hd__xnor3_1        5
     sky130_fd_sc_hd__xor2_1        21

   Chip area for module '\mux_mul': 2284.691200

