OpenROAD bdc8e944cd08ba8edebeca19fa531bd026690330 
This program is licensed under the BSD-3 license. See the LICENSE file for details.
Components of this program may be licensed under more restrictive licenses which must be honored.
[INFO]: Reading ODB at '/openlane/designs/fa/runs/run1/tmp/routing/22-fill.odb'…
define_corners Typical
read_liberty -corner Typical /root/.volare/sky130A/libs.ref/sky130_fd_sc_hd/lib/sky130_fd_sc_hd__tt_025C_1v80.lib
Using 1e-12 for capacitance...
Using 1e+03 for resistance...
Using 1e-09 for time...
Using 1e+00 for voltage...
Using 1e-03 for current...
Using 1e-09 for power...
Using 1e-06 for distance...
Reading design constraints file at '/openlane/scripts/base.sdc'…
[INFO]: Setting output delay to: 2.0
[INFO]: Setting input delay to: 2.0
[WARNING STA-0337] port '__VIRTUAL_CLK__' not found.
[INFO]: Setting load to: 0.033442
[INFO]: Setting clock uncertainty to: 0.25
[INFO]: Setting clock transition to: 0.15
[WARNING STA-0559] transition time can not be specified for virtual clocks.
[INFO]: Setting timing derate to: 5.0 %
[INFO ORD-0030] Using 2 thread(s).
[INFO DRT-0149] Reading tech and libs.

Units:                1000
Number of layers:     13
Number of macros:     442
Number of vias:       25
Number of viarulegen: 25

[INFO DRT-0150] Reading design.

Design:                   fa
Die area:                 ( 0 0 ) ( 335230 183855 )
Number of track patterns: 12
Number of DEF vias:       0
Number of components:     5312
Number of terminals:      12
Number of snets:          8
Number of nets:           9

[INFO DRT-0167] List of default vias:
  Layer via
    default via: M1M2_PR
  Layer via2
    default via: M2M3_PR
  Layer via3
    default via: M3M4_PR
  Layer via4
    default via: M4M5_PR
[INFO DRT-0162] Library cell analysis.
[INFO DRT-0163] Instance analysis.
[INFO DRT-0164] Number of unique instances = 23.
[INFO DRT-0168] Init region query.
[INFO DRT-0024]   Complete FR_MASTERSLICE.
[INFO DRT-0024]   Complete Fr_VIA.
[INFO DRT-0024]   Complete li1.
[INFO DRT-0024]   Complete mcon.
[INFO DRT-0024]   Complete met1.
[INFO DRT-0024]   Complete via.
[INFO DRT-0024]   Complete met2.
[INFO DRT-0024]   Complete via2.
[INFO DRT-0024]   Complete met3.
[INFO DRT-0024]   Complete via3.
[INFO DRT-0024]   Complete met4.
[INFO DRT-0024]   Complete via4.
[INFO DRT-0024]   Complete met5.
[INFO DRT-0033] FR_MASTERSLICE shape region query size = 0.
[INFO DRT-0033] FR_VIA shape region query size = 0.
[INFO DRT-0033] li1 shape region query size = 27571.
[INFO DRT-0033] mcon shape region query size = 83072.
[INFO DRT-0033] met1 shape region query size = 10924.
[INFO DRT-0033] via shape region query size = 1200.
[INFO DRT-0033] met2 shape region query size = 724.
[INFO DRT-0033] via2 shape region query size = 960.
[INFO DRT-0033] met3 shape region query size = 720.
[INFO DRT-0033] via3 shape region query size = 960.
[INFO DRT-0033] met4 shape region query size = 428.
[INFO DRT-0033] via4 shape region query size = 124.
[INFO DRT-0033] met5 shape region query size = 186.
[INFO DRT-0165] Start pin access.
[INFO DRT-0078]   Complete 16 pins.
[INFO DRT-0081]   Complete 7 unique inst patterns.
[INFO DRT-0084]   Complete 5 groups.
#scanned instances     = 5312
#unique  instances     = 23
#stdCellGenAp          = 138
#stdCellValidPlanarAp  = 0
#stdCellValidViaAp     = 93
#stdCellPinNoAp        = 0
#stdCellPinCnt         = 16
#instTermValidViaApCnt = 0
#macroGenAp            = 0
#macroValidPlanarAp    = 0
#macroValidViaAp       = 0
#macroNoAp             = 0
[INFO DRT-0166] Complete pin access.
[INFO DRT-0267] cpu time = 00:00:00, elapsed time = 00:00:00, memory = 117.57 (MB), peak = 119.29 (MB)

Number of guides:     44

[INFO DRT-0169] Post process guides.
[INFO DRT-0176] GCELLGRID X 0 DO 48 STEP 6900 ;
[INFO DRT-0177] GCELLGRID Y 0 DO 26 STEP 6900 ;
[INFO DRT-0028]   Complete FR_MASTERSLICE.
[INFO DRT-0028]   Complete Fr_VIA.
[INFO DRT-0028]   Complete li1.
[INFO DRT-0028]   Complete mcon.
[INFO DRT-0028]   Complete met1.
[INFO DRT-0028]   Complete via.
[INFO DRT-0028]   Complete met2.
[INFO DRT-0028]   Complete via2.
[INFO DRT-0028]   Complete met3.
[INFO DRT-0028]   Complete via3.
[INFO DRT-0028]   Complete met4.
[INFO DRT-0028]   Complete via4.
[INFO DRT-0028]   Complete met5.
[INFO DRT-0178] Init guide query.
[INFO DRT-0035]   Complete FR_MASTERSLICE (guide).
[INFO DRT-0035]   Complete Fr_VIA (guide).
[INFO DRT-0035]   Complete li1 (guide).
[INFO DRT-0035]   Complete mcon (guide).
[INFO DRT-0035]   Complete met1 (guide).
[INFO DRT-0035]   Complete via (guide).
[INFO DRT-0035]   Complete met2 (guide).
[INFO DRT-0035]   Complete via2 (guide).
[INFO DRT-0035]   Complete met3 (guide).
[INFO DRT-0035]   Complete via3 (guide).
[INFO DRT-0035]   Complete met4 (guide).
[INFO DRT-0035]   Complete via4 (guide).
[INFO DRT-0035]   Complete met5 (guide).
[INFO DRT-0036] FR_MASTERSLICE guide region query size = 0.
[INFO DRT-0036] FR_VIA guide region query size = 0.
[INFO DRT-0036] li1 guide region query size = 13.
[INFO DRT-0036] mcon guide region query size = 0.
[INFO DRT-0036] met1 guide region query size = 13.
[INFO DRT-0036] via guide region query size = 0.
[INFO DRT-0036] met2 guide region query size = 9.
[INFO DRT-0036] via2 guide region query size = 0.
[INFO DRT-0036] met3 guide region query size = 0.
[INFO DRT-0036] via3 guide region query size = 0.
[INFO DRT-0036] met4 guide region query size = 0.
[INFO DRT-0036] via4 guide region query size = 0.
[INFO DRT-0036] met5 guide region query size = 0.
[INFO DRT-0179] Init gr pin query.
[INFO DRT-0245] skipped writing guide updates to database.
[INFO DRT-0185] Post process initialize RPin region query.
[INFO DRT-0181] Start track assignment.
[INFO DRT-0184] Done with 22 vertical wires in 1 frboxes and 13 horizontal wires in 1 frboxes.
[INFO DRT-0186] Done with 2 vertical wires in 1 frboxes and 2 horizontal wires in 1 frboxes.
[INFO DRT-0182] Complete track assignment.
[INFO DRT-0267] cpu time = 00:00:00, elapsed time = 00:00:00, memory = 119.30 (MB), peak = 131.92 (MB)
[INFO DRT-0187] Start routing data preparation.
[INFO DRT-0267] cpu time = 00:00:00, elapsed time = 00:00:00, memory = 119.30 (MB), peak = 131.92 (MB)
[INFO DRT-0194] Start detail routing.
[INFO DRT-0195] Start 0th optimization iteration.
    Completing 10% with 0 violations.
    elapsed time = 00:00:00, memory = 119.30 (MB).
    Completing 20% with 0 violations.
    elapsed time = 00:00:00, memory = 119.48 (MB).
    Completing 30% with 0 violations.
    elapsed time = 00:00:00, memory = 119.48 (MB).
    Completing 40% with 0 violations.
    elapsed time = 00:00:00, memory = 119.48 (MB).
    Completing 50% with 0 violations.
    elapsed time = 00:00:00, memory = 119.48 (MB).
    Completing 60% with 0 violations.
    elapsed time = 00:00:00, memory = 119.48 (MB).
    Completing 70% with 0 violations.
    elapsed time = 00:00:00, memory = 134.94 (MB).
    Completing 80% with 0 violations.
    elapsed time = 00:00:00, memory = 137.41 (MB).
    Completing 90% with 0 violations.
    elapsed time = 00:00:00, memory = 137.45 (MB).
    Completing 100% with 0 violations.
    elapsed time = 00:00:00, memory = 138.11 (MB).
[INFO DRT-0199]   Number of violations = 0.
[INFO DRT-0267] cpu time = 00:00:00, elapsed time = 00:00:00, memory = 143.98 (MB), peak = 492.07 (MB)
Total wire length = 370 um.
Total wire length on LAYER li1 = 0 um.
Total wire length on LAYER met1 = 19 um.
Total wire length on LAYER met2 = 350 um.
Total wire length on LAYER met3 = 0 um.
Total wire length on LAYER met4 = 0 um.
Total wire length on LAYER met5 = 0 um.
Total number of vias = 28.
Up-via summary (total 28):.

---------------------
 FR_MASTERSLICE     0
            li1    16
           met1    12
           met2     0
           met3     0
           met4     0
---------------------
                   28


[INFO DRT-0198] Complete detail routing.
Total wire length = 370 um.
Total wire length on LAYER li1 = 0 um.
Total wire length on LAYER met1 = 19 um.
Total wire length on LAYER met2 = 350 um.
Total wire length on LAYER met3 = 0 um.
Total wire length on LAYER met4 = 0 um.
Total wire length on LAYER met5 = 0 um.
Total number of vias = 28.
Up-via summary (total 28):.

---------------------
 FR_MASTERSLICE     0
            li1    16
           met1    12
           met2     0
           met3     0
           met4     0
---------------------
                   28


[INFO DRT-0267] cpu time = 00:00:00, elapsed time = 00:00:00, memory = 143.98 (MB), peak = 492.07 (MB)

[INFO DRT-0180] Post processing.
Setting global connections for newly added cells…
Writing OpenROAD database to '/openlane/designs/fa/runs/run1/results/routing/fa.odb'…
Writing netlist to '/openlane/designs/fa/runs/run1/results/routing/fa.nl.v'…
Writing powered netlist to '/openlane/designs/fa/runs/run1/results/routing/fa.pnl.v'…
Writing layout to '/openlane/designs/fa/runs/run1/results/routing/fa.def'…
